This is pdfTeX, Version 3.14159265-2.6-1.40.16 (TeX Live 2015) (preloaded format=pdflatex 2015.11.11)  22 FEB 2017 09:58
entering extended mode
 restricted \write18 enabled.
 file:line:error style messages enabled.
 %&-line parsing enabled.
**PathwaysAndNetworksDataIntegration-handout.tex
(./PathwaysAndNetworksDataIntegration-handout.tex
LaTeX2e <2015/01/01>
Babel <3.9l> and hyphenation patterns for 79 languages loaded.
(/usr/local/texlive/2015/texmf-dist/tex/latex/base/article.cls
Document Class: article 2014/09/29 v1.4h Standard LaTeX document class
(/usr/local/texlive/2015/texmf-dist/tex/latex/base/size11.clo
File: size11.clo 2014/09/29 v1.4h Standard LaTeX file (size option)
)
\c@part=\count79
\c@section=\count80
\c@subsection=\count81
\c@subsubsection=\count82
\c@paragraph=\count83
\c@subparagraph=\count84
\c@figure=\count85
\c@table=\count86
\abovecaptionskip=\skip41
\belowcaptionskip=\skip42
\bibindent=\dimen102
)
(/usr/local/texlive/2015/texmf-dist/tex/latex/geometry/geometry.sty
Package: geometry 2010/09/12 v5.6 Page Geometry

(/usr/local/texlive/2015/texmf-dist/tex/latex/graphics/keyval.sty
Package: keyval 2014/10/28 v1.15 key=value parser (DPC)
\KV@toks@=\toks14
)
(/usr/local/texlive/2015/texmf-dist/tex/generic/oberdiek/ifpdf.sty
Package: ifpdf 2011/01/30 v2.3 Provides the ifpdf switch (HO)
Package ifpdf Info: pdfTeX in PDF mode is detected.
)
(/usr/local/texlive/2015/texmf-dist/tex/generic/oberdiek/ifvtex.sty
Package: ifvtex 2010/03/01 v1.5 Detect VTeX and its facilities (HO)
Package ifvtex Info: VTeX not detected.
)
(/usr/local/texlive/2015/texmf-dist/tex/generic/ifxetex/ifxetex.sty
Package: ifxetex 2010/09/12 v0.6 Provides ifxetex conditional
)
\Gm@cnth=\count87
\Gm@cntv=\count88
\c@Gm@tempcnt=\count89
\Gm@bindingoffset=\dimen103
\Gm@wd@mp=\dimen104
\Gm@odd@mp=\dimen105
\Gm@even@mp=\dimen106
\Gm@layoutwidth=\dimen107
\Gm@layoutheight=\dimen108
\Gm@layouthoffset=\dimen109
\Gm@layoutvoffset=\dimen110
\Gm@dimlist=\toks15
)
(/usr/local/texlive/2015/texmf-dist/tex/latex/graphics/graphicx.sty
Package: graphicx 2014/10/28 v1.0g Enhanced LaTeX Graphics (DPC,SPQR)

(/usr/local/texlive/2015/texmf-dist/tex/latex/graphics/graphics.sty
Package: graphics 2014/10/28 v1.0p Standard LaTeX Graphics (DPC,SPQR)

(/usr/local/texlive/2015/texmf-dist/tex/latex/graphics/trig.sty
Package: trig 1999/03/16 v1.09 sin cos tan (DPC)
)
(/usr/local/texlive/2015/texmf-dist/tex/latex/latexconfig/graphics.cfg
File: graphics.cfg 2010/04/23 v1.9 graphics configuration of TeX Live
)
Package graphics Info: Driver file: pdftex.def on input line 94.

(/usr/local/texlive/2015/texmf-dist/tex/latex/pdftex-def/pdftex.def
File: pdftex.def 2011/05/27 v0.06d Graphics/color for pdfTeX

(/usr/local/texlive/2015/texmf-dist/tex/generic/oberdiek/infwarerr.sty
Package: infwarerr 2010/04/08 v1.3 Providing info/warning/error messages (HO)
)
(/usr/local/texlive/2015/texmf-dist/tex/generic/oberdiek/ltxcmds.sty
Package: ltxcmds 2011/11/09 v1.22 LaTeX kernel commands for general use (HO)
)
\Gread@gobject=\count90
))
\Gin@req@height=\dimen111
\Gin@req@width=\dimen112
)
(/usr/local/texlive/2015/texmf-dist/tex/latex/amsfonts/amssymb.sty
Package: amssymb 2013/01/14 v3.01 AMS font symbols

(/usr/local/texlive/2015/texmf-dist/tex/latex/amsfonts/amsfonts.sty
Package: amsfonts 2013/01/14 v3.01 Basic AMSFonts support
\@emptytoks=\toks16
\symAMSa=\mathgroup4
\symAMSb=\mathgroup5
LaTeX Font Info:    Overwriting math alphabet `\mathfrak' in version `bold'
(Font)                  U/euf/m/n --> U/euf/b/n on input line 106.
))
(/usr/local/texlive/2015/texmf-dist/tex/latex/hyperref/hyperref.sty
Package: hyperref 2012/11/06 v6.83m Hypertext links for LaTeX

(/usr/local/texlive/2015/texmf-dist/tex/generic/oberdiek/hobsub-hyperref.sty
Package: hobsub-hyperref 2012/05/28 v1.13 Bundle oberdiek, subset hyperref (HO)


(/usr/local/texlive/2015/texmf-dist/tex/generic/oberdiek/hobsub-generic.sty
Package: hobsub-generic 2012/05/28 v1.13 Bundle oberdiek, subset generic (HO)
Package: hobsub 2012/05/28 v1.13 Construct package bundles (HO)
Package hobsub Info: Skipping package `infwarerr' (already loaded).
Package hobsub Info: Skipping package `ltxcmds' (already loaded).
Package: ifluatex 2010/03/01 v1.3 Provides the ifluatex switch (HO)
Package ifluatex Info: LuaTeX not detected.
Package hobsub Info: Skipping package `ifvtex' (already loaded).
Package: intcalc 2007/09/27 v1.1 Expandable calculations with integers (HO)
Package hobsub Info: Skipping package `ifpdf' (already loaded).
Package: etexcmds 2011/02/16 v1.5 Avoid name clashes with e-TeX commands (HO)
Package etexcmds Info: Could not find \expanded.
(etexcmds)             That can mean that you are not using pdfTeX 1.50 or
(etexcmds)             that some package has redefined \expanded.
(etexcmds)             In the latter case, load this package earlier.
Package: kvsetkeys 2012/04/25 v1.16 Key value parser (HO)
Package: kvdefinekeys 2011/04/07 v1.3 Define keys (HO)
Package: pdftexcmds 2011/11/29 v0.20 Utility functions of pdfTeX for LuaTeX (HO
)
Package pdftexcmds Info: LuaTeX not detected.
Package pdftexcmds Info: \pdf@primitive is available.
Package pdftexcmds Info: \pdf@ifprimitive is available.
Package pdftexcmds Info: \pdfdraftmode found.
Package: pdfescape 2011/11/25 v1.13 Implements pdfTeX's escape features (HO)
Package: bigintcalc 2012/04/08 v1.3 Expandable calculations on big integers (HO
)
Package: bitset 2011/01/30 v1.1 Handle bit-vector datatype (HO)
Package: uniquecounter 2011/01/30 v1.2 Provide unlimited unique counter (HO)
)
Package hobsub Info: Skipping package `hobsub' (already loaded).
Package: letltxmacro 2010/09/02 v1.4 Let assignment for LaTeX macros (HO)
Package: hopatch 2012/05/28 v1.2 Wrapper for package hooks (HO)
Package: xcolor-patch 2011/01/30 xcolor patch
Package: atveryend 2011/06/30 v1.8 Hooks at the very end of document (HO)
Package atveryend Info: \enddocument detected (standard20110627).
Package: atbegshi 2011/10/05 v1.16 At begin shipout hook (HO)
Package: refcount 2011/10/16 v3.4 Data extraction from label references (HO)
Package: hycolor 2011/01/30 v1.7 Color options for hyperref/bookmark (HO)
)
(/usr/local/texlive/2015/texmf-dist/tex/latex/oberdiek/auxhook.sty
Package: auxhook 2011/03/04 v1.3 Hooks for auxiliary files (HO)
)
(/usr/local/texlive/2015/texmf-dist/tex/latex/oberdiek/kvoptions.sty
Package: kvoptions 2011/06/30 v3.11 Key value format for package options (HO)
)
\@linkdim=\dimen113
\Hy@linkcounter=\count91
\Hy@pagecounter=\count92

(/usr/local/texlive/2015/texmf-dist/tex/latex/hyperref/pd1enc.def
File: pd1enc.def 2012/11/06 v6.83m Hyperref: PDFDocEncoding definition (HO)
)
\Hy@SavedSpaceFactor=\count93

(/usr/local/texlive/2015/texmf-dist/tex/latex/latexconfig/hyperref.cfg
File: hyperref.cfg 2002/06/06 v1.2 hyperref configuration of TeXLive
)
Package hyperref Info: Hyper figures OFF on input line 4443.
Package hyperref Info: Link nesting OFF on input line 4448.
Package hyperref Info: Hyper index ON on input line 4451.
Package hyperref Info: Plain pages OFF on input line 4458.
Package hyperref Info: Backreferencing OFF on input line 4463.
Package hyperref Info: Implicit mode ON; LaTeX internals redefined.
Package hyperref Info: Bookmarks ON on input line 4688.
\c@Hy@tempcnt=\count94

(/usr/local/texlive/2015/texmf-dist/tex/latex/url/url.sty
\Urlmuskip=\muskip10
Package: url 2013/09/16  ver 3.4  Verb mode for urls, etc.
)
LaTeX Info: Redefining \url on input line 5041.
\XeTeXLinkMargin=\dimen114
\Fld@menulength=\count95
\Field@Width=\dimen115
\Fld@charsize=\dimen116
Package hyperref Info: Hyper figures OFF on input line 6295.
Package hyperref Info: Link nesting OFF on input line 6300.
Package hyperref Info: Hyper index ON on input line 6303.
Package hyperref Info: backreferencing OFF on input line 6310.
Package hyperref Info: Link coloring OFF on input line 6315.
Package hyperref Info: Link coloring with OCG OFF on input line 6320.
Package hyperref Info: PDF/A mode OFF on input line 6325.
LaTeX Info: Redefining \ref on input line 6365.
LaTeX Info: Redefining \pageref on input line 6369.
\Hy@abspage=\count96
\c@Item=\count97
\c@Hfootnote=\count98
)

Package hyperref Message: Driver (autodetected): hpdftex.

(/usr/local/texlive/2015/texmf-dist/tex/latex/hyperref/hpdftex.def
File: hpdftex.def 2012/11/06 v6.83m Hyperref driver for pdfTeX
\Fld@listcount=\count99
\c@bookmark@seq@number=\count100

(/usr/local/texlive/2015/texmf-dist/tex/latex/oberdiek/rerunfilecheck.sty
Package: rerunfilecheck 2011/04/15 v1.7 Rerun checks for auxiliary files (HO)
Package uniquecounter Info: New unique counter `rerunfilecheck' on input line 2
82.
)
\Hy@SectionHShift=\skip43
)
(/usr/local/texlive/2015/texmf-dist/tex/latex/caption/subcaption.sty
Package: subcaption 2013/02/03 v1.1-62 Sub-captions (AR)

(/usr/local/texlive/2015/texmf-dist/tex/latex/caption/caption.sty
Package: caption 2013/05/02 v3.3-89 Customizing captions (AR)

(/usr/local/texlive/2015/texmf-dist/tex/latex/caption/caption3.sty
Package: caption3 2013/05/02 v1.6-88 caption3 kernel (AR)
Package caption3 Info: TeX engine: e-TeX on input line 57.
\captionmargin=\dimen117
\captionmargin@=\dimen118
\captionwidth=\dimen119
\caption@tempdima=\dimen120
\caption@indent=\dimen121
\caption@parindent=\dimen122
\caption@hangindent=\dimen123
)
\c@ContinuedFloat=\count101
Package caption Info: hyperref package is loaded.
)
\c@subfigure=\count102
\c@subtable=\count103
)
(/usr/local/texlive/2015/texmf-dist/tex/latex/amsmath/amsmath.sty
Package: amsmath 2013/01/14 v2.14 AMS math features
\@mathmargin=\skip44

For additional information on amsmath, use the `?' option.
(/usr/local/texlive/2015/texmf-dist/tex/latex/amsmath/amstext.sty
Package: amstext 2000/06/29 v2.01

(/usr/local/texlive/2015/texmf-dist/tex/latex/amsmath/amsgen.sty
File: amsgen.sty 1999/11/30 v2.0
\@emptytoks=\toks17
\ex@=\dimen124
))
(/usr/local/texlive/2015/texmf-dist/tex/latex/amsmath/amsbsy.sty
Package: amsbsy 1999/11/29 v1.2d
\pmbraise@=\dimen125
)
(/usr/local/texlive/2015/texmf-dist/tex/latex/amsmath/amsopn.sty
Package: amsopn 1999/12/14 v2.01 operator names
)
\inf@bad=\count104
LaTeX Info: Redefining \frac on input line 210.
\uproot@=\count105
\leftroot@=\count106
LaTeX Info: Redefining \overline on input line 306.
\classnum@=\count107
\DOTSCASE@=\count108
LaTeX Info: Redefining \ldots on input line 378.
LaTeX Info: Redefining \dots on input line 381.
LaTeX Info: Redefining \cdots on input line 466.
\Mathstrutbox@=\box26
\strutbox@=\box27
\big@size=\dimen126
LaTeX Font Info:    Redeclaring font encoding OML on input line 566.
LaTeX Font Info:    Redeclaring font encoding OMS on input line 567.
\macc@depth=\count109
\c@MaxMatrixCols=\count110
\dotsspace@=\muskip11
\c@parentequation=\count111
\dspbrk@lvl=\count112
\tag@help=\toks18
\row@=\count113
\column@=\count114
\maxfields@=\count115
\andhelp@=\toks19
\eqnshift@=\dimen127
\alignsep@=\dimen128
\tagshift@=\dimen129
\tagwidth@=\dimen130
\totwidth@=\dimen131
\lineht@=\dimen132
\@envbody=\toks20
\multlinegap=\skip45
\multlinetaggap=\skip46
\mathdisplay@stack=\toks21
LaTeX Info: Redefining \[ on input line 2665.
LaTeX Info: Redefining \] on input line 2666.
)
(/usr/local/texlive/2015/texmf-dist/tex/latex/framed/framed.sty
Package: framed 2011/10/22 v 0.96: framed or shaded text with page breaks
\OuterFrameSep=\skip47
\fb@frw=\dimen133
\fb@frh=\dimen134
\FrameRule=\dimen135
\FrameSep=\dimen136
)
(/usr/local/texlive/2015/texmf-dist/tex/latex/tabulary/tabulary.sty
Package: tabulary 2014/06/11 v0.10 tabulary package (DPC)

(/usr/local/texlive/2015/texmf-dist/tex/latex/tools/array.sty
Package: array 2014/10/28 v2.4c Tabular extension package (FMi)
\col@sep=\dimen137
\extrarowheight=\dimen138
\NC@list=\toks22
\extratabsurround=\skip48
\backup@length=\skip49
)
\TY@count=\count116
\TY@linewidth=\dimen139
\tymin=\dimen140
\tymax=\dimen141
\TY@tablewidth=\dimen142
)
(/usr/local/texlive/2015/texmf-dist/tex/latex/outlines/outlines.sty
Package: outlines 2012/1/23 1.1 Ch. Pecheur

(/usr/local/texlive/2015/texmf-dist/tex/latex/base/ifthen.sty
Package: ifthen 2014/09/29 v1.1c Standard LaTeX ifthen package (DPC)
))
(./PathwaysAndNetworksDataIntegration-handout.aux)
\openout1 = `PathwaysAndNetworksDataIntegration-handout.aux'.

LaTeX Font Info:    Checking defaults for OML/cmm/m/it on input line 27.
LaTeX Font Info:    ... okay on input line 27.
LaTeX Font Info:    Checking defaults for T1/cmr/m/n on input line 27.
LaTeX Font Info:    ... okay on input line 27.
LaTeX Font Info:    Checking defaults for OT1/cmr/m/n on input line 27.
LaTeX Font Info:    ... okay on input line 27.
LaTeX Font Info:    Checking defaults for OMS/cmsy/m/n on input line 27.
LaTeX Font Info:    ... okay on input line 27.
LaTeX Font Info:    Checking defaults for OMX/cmex/m/n on input line 27.
LaTeX Font Info:    ... okay on input line 27.
LaTeX Font Info:    Checking defaults for U/cmr/m/n on input line 27.
LaTeX Font Info:    ... okay on input line 27.
LaTeX Font Info:    Checking defaults for PD1/pdf/m/n on input line 27.
LaTeX Font Info:    ... okay on input line 27.

*geometry* driver: auto-detecting
*geometry* detected driver: pdftex
*geometry* verbose mode - [ preamble ] result:
* driver: pdftex
* paper: a4paper
* layout: <same size as paper>
* layoutoffset:(h,v)=(0.0pt,0.0pt)
* modes: 
* h-part:(L,W,R)=(89.62709pt, 418.25368pt, 89.6271pt)
* v-part:(T,H,B)=(101.40665pt, 591.5302pt, 152.11pt)
* \paperwidth=597.50787pt
* \paperheight=845.04684pt
* \textwidth=418.25368pt
* \textheight=591.5302pt
* \oddsidemargin=17.3571pt
* \evensidemargin=17.3571pt
* \topmargin=-7.86334pt
* \headheight=12.0pt
* \headsep=25.0pt
* \topskip=11.0pt
* \footskip=30.0pt
* \marginparwidth=59.0pt
* \marginparsep=10.0pt
* \columnsep=10.0pt
* \skip\footins=10.0pt plus 4.0pt minus 2.0pt
* \hoffset=0.0pt
* \voffset=0.0pt
* \mag=1000
* \@twocolumnfalse
* \@twosidefalse
* \@mparswitchfalse
* \@reversemarginfalse
* (1in=72.27pt=25.4mm, 1cm=28.453pt)

(/usr/local/texlive/2015/texmf-dist/tex/context/base/supp-pdf.mkii
[Loading MPS to PDF converter (version 2006.09.02).]
\scratchcounter=\count117
\scratchdimen=\dimen143
\scratchbox=\box28
\nofMPsegments=\count118
\nofMParguments=\count119
\everyMPshowfont=\toks23
\MPscratchCnt=\count120
\MPscratchDim=\dimen144
\MPnumerator=\count121
\makeMPintoPDFobject=\count122
\everyMPtoPDFconversion=\toks24
) (/usr/local/texlive/2015/texmf-dist/tex/latex/oberdiek/epstopdf-base.sty
Package: epstopdf-base 2010/02/09 v2.5 Base part for package epstopdf

(/usr/local/texlive/2015/texmf-dist/tex/latex/oberdiek/grfext.sty
Package: grfext 2010/08/19 v1.1 Manage graphics extensions (HO)
)
Package grfext Info: Graphics extension search list:
(grfext)             [.pdf,.png,.jpg,.eps]
(grfext)             \AppendGraphicsExtensions on input line 452.

(/usr/local/texlive/2015/texmf-dist/tex/latex/latexconfig/epstopdf-sys.cfg
File: epstopdf-sys.cfg 2010/07/13 v1.3 Configuration of (r)epstopdf for TeX Liv
e
))
\AtBeginShipoutBox=\box29
Package hyperref Info: Link coloring OFF on input line 27.

(/usr/local/texlive/2015/texmf-dist/tex/latex/hyperref/nameref.sty
Package: nameref 2012/10/27 v2.43 Cross-referencing by name of section

(/usr/local/texlive/2015/texmf-dist/tex/generic/oberdiek/gettitlestring.sty
Package: gettitlestring 2010/12/03 v1.4 Cleanup title references (HO)
)
\c@section@level=\count123
)
LaTeX Info: Redefining \ref on input line 27.
LaTeX Info: Redefining \pageref on input line 27.
LaTeX Info: Redefining \nameref on input line 27.

(./PathwaysAndNetworksDataIntegration-handout.out)
(./PathwaysAndNetworksDataIntegration-handout.out)
\@outlinefile=\write3
\openout3 = `PathwaysAndNetworksDataIntegration-handout.out'.

Package caption Info: Begin \AtBeginDocument code.
Package caption Info: End \AtBeginDocument code.
LaTeX Font Info:    Try loading font information for U+msa on input line 29.

(/usr/local/texlive/2015/texmf-dist/tex/latex/amsfonts/umsa.fd
File: umsa.fd 2013/01/14 v3.01 AMS symbols A
)
LaTeX Font Info:    Try loading font information for U+msb on input line 29.

(/usr/local/texlive/2015/texmf-dist/tex/latex/amsfonts/umsb.fd
File: umsb.fd 2013/01/14 v3.01 AMS symbols B
)
(./PathwaysAndNetworksDataIntegration-handout.toc)
\tf@toc=\write4
\openout4 = `PathwaysAndNetworksDataIntegration-handout.toc'.


(./PathwaysAndNetworksDataIntegration-handout.lof [1

{/usr/local/texlive/2015/texmf-var/fonts/map/pdftex/updmap/pdftex.map}])
\tf@lof=\write5
\openout5 = `PathwaysAndNetworksDataIntegration-handout.lof'.


(./PathwaysAndNetworksDataIntegration-handout.lot)
\tf@lot=\write6
\openout6 = `PathwaysAndNetworksDataIntegration-handout.lot'.



LaTeX Warning: Citation `Aranda2011' on page 2 undefined on input line 38.

[2] <images/example_expression_data.png, id=184, 350.30875pt x 283.0575pt>
File: images/example_expression_data.png Graphic file (type png)

<use images/example_expression_data.png>
Package pdftex.def Info: images/example_expression_data.png used on input line 
55.
(pdftex.def)             Requested size: 292.77629pt x 236.58754pt.

Overfull \hbox (74.26833pt too wide) in paragraph at lines 67--84
 [][] 
 []

[3 <./images/example_expression_data.png>]
<images/same-mean_different-variance.png, id=194, 354.32375pt x 397.485pt>
File: images/same-mean_different-variance.png Graphic file (type png)

<use images/same-mean_different-variance.png>
Package pdftex.def Info: images/same-mean_different-variance.png used on input 
line 116.
(pdftex.def)             Requested size: 292.77629pt x 328.4447pt.
 [4]
<images/examples-correlation.png, id=209, 413.545pt x 316.18124pt>
File: images/examples-correlation.png Graphic file (type png)

<use images/examples-correlation.png>
Package pdftex.def Info: images/examples-correlation.png used on input line 139
.
(pdftex.def)             Requested size: 292.77629pt x 223.84859pt.
 [5 <./images/same-mean_different-variance.png>]
<images/example-coordinate-transform.png, id=220, 701.62125pt x 342.27875pt>
File: images/example-coordinate-transform.png Graphic file (type png)

<use images/example-coordinate-transform.png>
Package pdftex.def Info: images/example-coordinate-transform.png used on input 
line 156.
(pdftex.def)             Requested size: 292.77629pt x 142.83165pt.
 [6 <./images/examples-correlation.png>]
Overfull \hbox (10.76077pt too wide) detected at line 206
[] [] [][] [] [] []
 []

[7 <./images/example-coordinate-transform.png>]
<images/example1-plot-two-genes.png, id=240, 1003.75pt x 641.39626pt>
File: images/example1-plot-two-genes.png Graphic file (type png)

<use images/example1-plot-two-genes.png>
Package pdftex.def Info: images/example1-plot-two-genes.png used on input line 
322.
(pdftex.def)             Requested size: 188.21288pt x 120.26149pt.

<images/example1-plot-two-genes-centered.png, id=241, 1000.73875pt x 618.31pt>
File: images/example1-plot-two-genes-centered.png Graphic file (type png)

<use images/example1-plot-two-genes-centered.png>
Package pdftex.def Info: images/example1-plot-two-genes-centered.png used on in
put line 327.
(pdftex.def)             Requested size: 188.21288pt x 116.28192pt.

<images/example1_plot_2PC.png, id=242, 996.72375pt x 624.3325pt>
File: images/example1_plot_2PC.png Graphic file (type png)

<use images/example1_plot_2PC.png>
Package pdftex.def Info: images/example1_plot_2PC.png used on input line 332.
(pdftex.def)             Requested size: 188.21288pt x 117.89085pt.
 [8] [9 <./images/example1-plot-two-genes.png> <./images/example1-plot-two-gene
s-centered.png> <./images/example1_plot_2PC.png>]
Overfull \hbox (80.66365pt too wide) detected at line 404
\OML/cmm/m/it/10.95 D[] \OT1/cmr/m/n/10.95 = [] []
 []


LaTeX Warning: `h' float specifier changed to `ht'.

LaTeX Font Info:    Try loading font information for OMS+cmr on input line 458.

(/usr/local/texlive/2015/texmf-dist/tex/latex/base/omscmr.fd
File: omscmr.fd 2014/09/29 v2.5h Standard LaTeX font definitions
)
LaTeX Font Info:    Font shape `OMS/cmr/m/n' in size <10.95> not available
(Font)              Font shape `OMS/cmsy/m/n' tried instead on input line 458.
 [10] [11]
Overfull \hbox (20.20052pt too wide) in paragraph at lines 501--501
[]          \OT1/cmtt/m/n/10.95 theme(legend.direction = 'horizontal', legend.p
osition = 'top')[] 
 []


<images/example2-first2components-fattyLiverData.png, id=271, 914.41624pt x 677
.53125pt>
File: images/example2-first2components-fattyLiverData.png Graphic file (type pn
g)
 <use images/example2-first2components-fattyLiverData.png>
Package pdftex.def Info: images/example2-first2components-fattyLiverData.png us
ed on input line 513.
(pdftex.def)             Requested size: 418.25368pt x 309.9003pt.

<images/example2-PCA-3D.png, id=275, 1124.2pt x 843.15pt>
File: images/example2-PCA-3D.png Graphic file (type png)

<use images/example2-PCA-3D.png>
Package pdftex.def Info: images/example2-PCA-3D.png used on input line 528.
(pdftex.def)             Requested size: 418.25368pt x 313.68457pt.
 [12] [13 <./images/example2-first2components-fattyLiverData.png>] [14 <./image
s/example2-PCA-3D.png (PNG copy)>]
<images/hierarchical-clustering.png, id=299, 894.34125pt x 702.625pt>
File: images/hierarchical-clustering.png Graphic file (type png)

<use images/hierarchical-clustering.png>
Package pdftex.def Info: images/hierarchical-clustering.png used on input line 
577.
(pdftex.def)             Requested size: 418.25368pt x 328.59344pt.
 [15 <./images/hierarchical-clustering.png>]
Overfull \hbox (2.95445pt too wide) in paragraph at lines 625--625
[]   \OT1/cmtt/m/n/10.95 # Syntax: MultiPEN $mcrpath HierarchicalClustering $Ou
tputDirectory[] 
 []

[16]

Package hyperref Warning: Token not allowed in a PDF string (PDFDocEncoding):
(hyperref)                removing `\@ifnextchar' on input line 663.


Overfull \hbox (50.44351pt too wide) in paragraph at lines 665--666
\OT1/cmr/m/n/10.95 pres-sion data file pro-vided as ex-am-ple: Mul-ti-PEN[]v001
[]Linux/ExampleInputs/expressionData.txt) 
 []


Overfull \hbox (11.86891pt too wide) in paragraph at lines 680--681
[]\OT1/cmr/m/n/10.95 Web-based tool http://www.ebi.ac.uk/Tools/webservices/psic
quic/view/home.xhtml 
 []


Overfull \hbox (25.92148pt too wide) in paragraph at lines 682--683
[]\OT1/cmr/m/n/10.95 R/Bioconductor http://bioconductor.org/packages/release/bi
oc/html/PSICQUIC.html 
 []

<images/psicquic1.png, id=325, 949.5475pt x 663.47874pt>
File: images/psicquic1.png Graphic file (type png)

<use images/psicquic1.png>
Package pdftex.def Info: images/psicquic1.png used on input line 698.
(pdftex.def)             Requested size: 418.25368pt x 292.24538pt.
 [17]
<images/psicquic2.png, id=337, 1384.17125pt x 554.07pt>
File: images/psicquic2.png Graphic file (type png)

<use images/psicquic2.png>
Package pdftex.def Info: images/psicquic2.png used on input line 707.
(pdftex.def)             Requested size: 418.25368pt x 167.4228pt.

<images/psicquic3.png, id=339, 1029.8475pt x 557.08125pt>
File: images/psicquic3.png Graphic file (type png)

<use images/psicquic3.png>
Package pdftex.def Info: images/psicquic3.png used on input line 717.
(pdftex.def)             Requested size: 418.25368pt x 226.2457pt.
 [18 <./images/psicquic1.png>]
Overfull \hbox (25.9492pt too wide) in paragraph at lines 793--793
[]  \OT1/cmtt/m/n/10.95 mapped <- string_db$map( inputData,  "name", removeUnma
ppedRows = TRUE )[] 
 []


Overfull \hbox (31.69789pt too wide) in paragraph at lines 793--793
[]  \OT1/cmtt/m/n/10.95 stringID <- gsub(paste(speciesCode, ".", sep = ""), "",
 mapped$STRING_id)[] 
 []


Overfull \hbox (37.44658pt too wide) in paragraph at lines 793--793
[]  \OT1/cmtt/m/n/10.95 cat(sprintf('\nSaving network for threshold: 0.60 in fi
le: %s', fileName))[] 
 []


Overfull \vbox (1.86331pt too high) detected at line 794
 []

[19 <./images/psicquic2.png> <./images/psicquic3.png>]
Underfull \vbox (badness 10000) detected at line 794
 []


Underfull \vbox (badness 10000) detected at line 794
 []

[20] [21]
Overfull \hbox (13.16309pt too wide) in paragraph at lines 857--858
\OT1/cmr/m/n/10.95 For this ses-sion, we in-cluded for you the ap-pli-ca-tion f
older, called \OT1/cmr/bx/n/10.95 Mul-ti-PEN[]v001[]Linux\OT1/cmr/m/n/10.95 .
 []

[22] [23] [24]
Overfull \hbox (14.41pt too wide) in paragraph at lines 977--979
 []\OT1/cmr/bx/n/10.95 MultiPEN-Rankings[]lambdaX.txt:[] \OT1/cmr/m/n/10.95 Ran
k-ing of fea-tures for the cor-re-spond-ing lambda
 []


Overfull \hbox (8.9746pt too wide) in paragraph at lines 993--994
 [][] [] 
 []


Overfull \hbox (4.9217pt too wide) in paragraph at lines 997--998
 []\OT1/cmr/bx/n/10.95 MultiPEN-Rankings[]lambdaX[]genes-higher-in-control.txt:
[] \OT1/cmr/m/n/10.95 Rank-ing of fea-tures
 []


Overfull \hbox (5.39941pt too wide) in paragraph at lines 1001--1002
 []\OT1/cmr/bx/n/10.95 MultiPEN-performance[]feature-selection[]lambdaX.txt:[] 
\OT1/cmr/m/n/10.95 file that con-tains statis-
 []

[25] <images/example_output_rankings.png, id=407, 1273.75874pt x 360.34625pt>
File: images/example_output_rankings.png Graphic file (type png)

<use images/example_output_rankings.png>
Package pdftex.def Info: images/example_output_rankings.png used on input line 
1009.
(pdftex.def)             Requested size: 418.25368pt x 118.32079pt.
 [26 <./images/example_output_rankings.png>] [27] (./PathwaysAndNetworksDataInt
egration-handout.bbl
Underfull \hbox (badness 3118) in paragraph at lines 25--29
[]\OT1/cmr/m/n/10.95 Perla Troncoso-Rey and Wik-tor Ju-rkowski.  Mul-ti-pen, 20
17.  Avail-able
 []


Underfull \hbox (badness 1997) in paragraph at lines 25--29
\OT1/cmr/m/n/10.95 at: []$\OT1/cmtt/m/n/10.95 https : / / github . com / TGAC /
 MultiPEN / blob / master / MultiPEN _ executable /
 []

[28])
Package atveryend Info: Empty hook `BeforeClearDocument' on input line 1139.
 [29]
Package atveryend Info: Empty hook `AfterLastShipout' on input line 1139.
 (./PathwaysAndNetworksDataIntegration-handout.aux)
Package atveryend Info: Executing hook `AtVeryEndDocument' on input line 1139.
Package atveryend Info: Executing hook `AtEndAfterFileList' on input line 1139.

Package rerunfilecheck Info: File `PathwaysAndNetworksDataIntegration-handout.o
ut' has not changed.
(rerunfilecheck)             Checksum: BA2EDD763388152AA627ED82ACDEA4F2;1996.


LaTeX Warning: There were undefined references.


LaTeX Warning: Label(s) may have changed. Rerun to get cross-references right.

Package atveryend Info: Empty hook `AtVeryVeryEnd' on input line 1139.
 ) 
Here is how much of TeX's memory you used:
 7963 strings out of 493089
 120444 string characters out of 6134841
 218482 words of memory out of 5000000
 11200 multiletter control sequences out of 15000+600000
 12794 words of font info for 48 fonts, out of 8000000 for 9000
 1141 hyphenation exceptions out of 8191
 42i,8n,41p,693b,519s stack positions out of 5000i,500n,10000p,200000b,80000s
</usr/local/texlive/2015/texmf-dist/fonts/type1/public/amsfonts/cm/cmbx10.pfb
></usr/local/texlive/2015/texmf-dist/fonts/type1/public/amsfonts/cm/cmbx12.pfb>
</usr/local/texlive/2015/texmf-dist/fonts/type1/public/amsfonts/cm/cmbx8.pfb></
usr/local/texlive/2015/texmf-dist/fonts/type1/public/amsfonts/cm/cmex10.pfb></u
sr/local/texlive/2015/texmf-dist/fonts/type1/public/amsfonts/cm/cmmi10.pfb></us
r/local/texlive/2015/texmf-dist/fonts/type1/public/amsfonts/cm/cmmi8.pfb></usr/
local/texlive/2015/texmf-dist/fonts/type1/public/amsfonts/cm/cmr10.pfb></usr/lo
cal/texlive/2015/texmf-dist/fonts/type1/public/amsfonts/cm/cmr12.pfb></usr/loca
l/texlive/2015/texmf-dist/fonts/type1/public/amsfonts/cm/cmr17.pfb></usr/local/
texlive/2015/texmf-dist/fonts/type1/public/amsfonts/cm/cmr8.pfb></usr/local/tex
live/2015/texmf-dist/fonts/type1/public/amsfonts/cm/cmsy10.pfb></usr/local/texl
ive/2015/texmf-dist/fonts/type1/public/amsfonts/cm/cmsy8.pfb></usr/local/texliv
e/2015/texmf-dist/fonts/type1/public/amsfonts/cm/cmti10.pfb></usr/local/texlive
/2015/texmf-dist/fonts/type1/public/amsfonts/cm/cmtt10.pfb>
Output written on PathwaysAndNetworksDataIntegration-handout.pdf (29 pages, 136
8812 bytes).
PDF statistics:
 516 PDF objects out of 1000 (max. 8388607)
 435 compressed objects within 5 object streams
 129 named destinations out of 1000 (max. 500000)
 255 words of extra memory for PDF output out of 10000 (max. 10000000)

